*** Starting uWSGI 2.0.15 (64bit) on [Sat Apr  1 11:53:56 2017] ***
compiled with version: 5.4.0 20160609 on 01 April 2017 11:50:11
os: Linux-4.4.0-63-generic #84-Ubuntu SMP Wed Feb 1 17:20:32 UTC 2017
nodename: iZm5ecvgopqkod7b7be3n0Z
machine: x86_64
clock source: unix
pcre jit disabled
detected number of CPU cores: 1
current working directory: /home/zhuzekun/repo/blog/blog
writing pidfile to /tmp/project-master.pid
detected binary path: /home/zhuzekun/repo/blog/blog_env/bin/uwsgi
chdir() to /home/zhuzekun/repo/blog/blog
your processes number limit is 7859
your memory page size is 4096 bytes
detected max file descriptor number: 65535
lock engine: pthread robust mutexes
thunder lock: disabled (you can enable it with --thunder-lock)
Python version: 3.5.2 (default, Nov 17 2016, 17:05:23)  [GCC 5.4.0 20160609]
*** Python threads support is disabled. You can enable it with --enable-threads ***
Python main interpreter initialized at 0x1466a50
The -s/--socket option is missing and stdin is not a socket.
*** Starting uWSGI 2.0.15 (64bit) on [Sat Apr  1 11:56:45 2017] ***
compiled with version: 5.4.0 20160609 on 01 April 2017 11:50:11
os: Linux-4.4.0-63-generic #84-Ubuntu SMP Wed Feb 1 17:20:32 UTC 2017
nodename: iZm5ecvgopqkod7b7be3n0Z
machine: x86_64
clock source: unix
pcre jit disabled
detected number of CPU cores: 1
current working directory: /home/zhuzekun/repo/blog/blog
writing pidfile to /tmp/project-master.pid
detected binary path: /home/zhuzekun/repo/blog/blog_env/bin/uwsgi
chdir() to /home/zhuzekun/repo/blog/blog
your processes number limit is 7859
your memory page size is 4096 bytes
detected max file descriptor number: 65535
lock engine: pthread robust mutexes
thunder lock: disabled (you can enable it with --thunder-lock)
Python version: 3.5.2 (default, Nov 17 2016, 17:05:23)  [GCC 5.4.0 20160609]
Set PythonHome to /home/zhuzekun/repo/blog/blog_env/
*** Python threads support is disabled. You can enable it with --enable-threads ***
Python main interpreter initialized at 0x13e6b50
The -s/--socket option is missing and stdin is not a socket.
*** Starting uWSGI 2.0.15 (64bit) on [Sat Apr  1 12:04:57 2017] ***
compiled with version: 5.4.0 20160609 on 01 April 2017 11:50:11
os: Linux-4.4.0-63-generic #84-Ubuntu SMP Wed Feb 1 17:20:32 UTC 2017
nodename: iZm5ecvgopqkod7b7be3n0Z
machine: x86_64
clock source: unix
pcre jit disabled
detected number of CPU cores: 1
current working directory: /home/zhuzekun/repo/blog/blog
detected binary path: /home/zhuzekun/repo/blog/blog_env/bin/uwsgi
chdir() to /home/zhuzekun/repo/blog/blog
your processes number limit is 7859
your memory page size is 4096 bytes
detected max file descriptor number: 65535
lock engine: pthread robust mutexes
thunder lock: disabled (you can enable it with --thunder-lock)
uwsgi socket 0 bound to TCP address :9090 fd 3
Python version: 3.5.2 (default, Nov 17 2016, 17:05:23)  [GCC 5.4.0 20160609]
Set PythonHome to /home/zhuzekun/repo/blog/blog_env/
*** Python threads support is disabled. You can enable it with --enable-threads ***
Python main interpreter initialized at 0x1428cc0
your server socket listen backlog is limited to 100 connections
your mercy for graceful operations on workers is 60 seconds
mapped 145536 bytes (142 KB) for 1 cores
*** Operational MODE: single process ***
WSGI app 0 (mountpoint='') ready in 0 seconds on interpreter 0x1428cc0 pid: 19656 (default app)
*** uWSGI is running in multiple interpreter mode ***
spawned uWSGI master process (pid: 19656)
spawned uWSGI worker 1 (pid: 19658, cores: 1)
Invalid HTTP_HOST header: 'www.yuqiaochuang.com:9090'. You may need to add 'www.yuqiaochuang.com' to ALLOWED_HOSTS.
[pid: 19658|app: 0|req: 1/1] 220.181.34.102 () {32 vars in 615 bytes} [Sat Apr  1 04:05:18 2017] GET / => generated 55312 bytes in 43 msecs (HTTP/1.1 400) 1 headers in 53 bytes (1 switches on core 0)
Invalid HTTP_HOST header: 'www.yuqiaochuang.com:9090'. You may need to add 'www.yuqiaochuang.com' to ALLOWED_HOSTS.
[pid: 19658|app: 0|req: 2/2] 220.181.34.102 () {32 vars in 605 bytes} [Sat Apr  1 04:05:19 2017] GET /favicon.ico => generated 55412 bytes in 35 msecs (HTTP/1.1 400) 1 headers in 53 bytes (1 switches on core 0)
Invalid HTTP_HOST header: '118.190.136.79:9090'. You may need to add '118.190.136.79' to ALLOWED_HOSTS.
[pid: 19658|app: 0|req: 3/3] 220.181.34.102 () {32 vars in 609 bytes} [Sat Apr  1 04:05:36 2017] GET / => generated 55222 bytes in 34 msecs (HTTP/1.1 400) 1 headers in 53 bytes (1 switches on core 0)
Invalid HTTP_HOST header: '118.190.136.79:9090'. You may need to add '118.190.136.79' to ALLOWED_HOSTS.
[pid: 19658|app: 0|req: 4/4] 220.181.34.102 () {32 vars in 593 bytes} [Sat Apr  1 04:05:36 2017] GET /favicon.ico => generated 55316 bytes in 34 msecs (HTTP/1.1 400) 1 headers in 53 bytes (1 switches on core 0)
*** Starting uWSGI 2.0.15 (64bit) on [Sat Apr  1 12:06:19 2017] ***
compiled with version: 5.4.0 20160609 on 01 April 2017 11:50:11
os: Linux-4.4.0-63-generic #84-Ubuntu SMP Wed Feb 1 17:20:32 UTC 2017
nodename: iZm5ecvgopqkod7b7be3n0Z
machine: x86_64
clock source: unix
pcre jit disabled
detected number of CPU cores: 1
current working directory: /home/zhuzekun/repo/blog/blog
detected binary path: /home/zhuzekun/repo/blog/blog_env/bin/uwsgi
chdir() to /home/zhuzekun/repo/blog/blog
your processes number limit is 7859
your memory page size is 4096 bytes
detected max file descriptor number: 65535
lock engine: pthread robust mutexes
thunder lock: disabled (you can enable it with --thunder-lock)
probably another instance of uWSGI is running on the same address (:9090).
bind(): Address already in use [core/socket.c line 769]
Invalid HTTP_HOST header: 'www.yuqiaochuang.com:9090'. You may need to add 'www.yuqiaochuang.com' to ALLOWED_HOSTS.
[pid: 19658|app: 0|req: 5/5] 220.181.34.102 () {32 vars in 615 bytes} [Sat Apr  1 04:06:28 2017] GET / => generated 55312 bytes in 34 msecs (HTTP/1.1 400) 1 headers in 53 bytes (1 switches on core 0)
Invalid HTTP_HOST header: 'www.yuqiaochuang.com:9090'. You may need to add 'www.yuqiaochuang.com' to ALLOWED_HOSTS.
[pid: 19658|app: 0|req: 6/6] 220.181.34.102 () {32 vars in 605 bytes} [Sat Apr  1 04:06:29 2017] GET /favicon.ico => generated 55412 bytes in 34 msecs (HTTP/1.1 400) 1 headers in 53 bytes (1 switches on core 0)
Sat Apr  1 04:07:11 2017 - uWSGI worker 1 screams: UAAAAAAH my master disconnected: i will kill myself !!!
*** Starting uWSGI 2.0.15 (64bit) on [Sat Apr  1 12:07:17 2017] ***
compiled with version: 5.4.0 20160609 on 01 April 2017 11:50:11
os: Linux-4.4.0-63-generic #84-Ubuntu SMP Wed Feb 1 17:20:32 UTC 2017
nodename: iZm5ecvgopqkod7b7be3n0Z
machine: x86_64
clock source: unix
pcre jit disabled
detected number of CPU cores: 1
current working directory: /home/zhuzekun/repo/blog/blog
detected binary path: /home/zhuzekun/repo/blog/blog_env/bin/uwsgi
chdir() to /home/zhuzekun/repo/blog/blog
your processes number limit is 7859
your memory page size is 4096 bytes
detected max file descriptor number: 65535
lock engine: pthread robust mutexes
thunder lock: disabled (you can enable it with --thunder-lock)
uwsgi socket 0 bound to TCP address :9090 fd 3
Python version: 3.5.2 (default, Nov 17 2016, 17:05:23)  [GCC 5.4.0 20160609]
Set PythonHome to /home/zhuzekun/repo/blog/blog_env/
*** Python threads support is disabled. You can enable it with --enable-threads ***
Python main interpreter initialized at 0x780cc0
your server socket listen backlog is limited to 100 connections
your mercy for graceful operations on workers is 60 seconds
mapped 145536 bytes (142 KB) for 1 cores
*** Operational MODE: single process ***
WSGI app 0 (mountpoint='') ready in 0 seconds on interpreter 0x780cc0 pid: 19705 (default app)
*** uWSGI is running in multiple interpreter mode ***
spawned uWSGI master process (pid: 19705)
spawned uWSGI worker 1 (pid: 19707, cores: 1)
[pid: 19707|app: 0|req: 1/1] 220.181.34.102 () {34 vars in 646 bytes} [Sat Apr  1 04:07:21 2017] GET / => generated 1767 bytes in 7 msecs (HTTP/1.1 200) 2 headers in 73 bytes (1 switches on core 0)
Not Found: /favicon.ico
[pid: 19707|app: 0|req: 2/2] 220.181.34.102 () {32 vars in 605 bytes} [Sat Apr  1 04:07:22 2017] GET /favicon.ico => generated 1945 bytes in 4 msecs (HTTP/1.1 404) 2 headers in 80 bytes (1 switches on core 0)
Sat Apr  1 04:09:11 2017 - uWSGI worker 1 screams: UAAAAAAH my master disconnected: i will kill myself !!!
*** Starting uWSGI 2.0.15 (64bit) on [Sat Apr  1 12:09:18 2017] ***
compiled with version: 5.4.0 20160609 on 01 April 2017 11:50:11
os: Linux-4.4.0-63-generic #84-Ubuntu SMP Wed Feb 1 17:20:32 UTC 2017
nodename: iZm5ecvgopqkod7b7be3n0Z
machine: x86_64
clock source: unix
pcre jit disabled
detected number of CPU cores: 1
current working directory: /home/zhuzekun/repo/blog/blog
detected binary path: /home/zhuzekun/repo/blog/blog_env/bin/uwsgi
chdir() to /home/zhuzekun/repo/blog/blog
your processes number limit is 7859
your memory page size is 4096 bytes
detected max file descriptor number: 65535
lock engine: pthread robust mutexes
thunder lock: disabled (you can enable it with --thunder-lock)
uwsgi socket 0 bound to TCP address 127.0.0.1:9090 fd 3
Python version: 3.5.2 (default, Nov 17 2016, 17:05:23)  [GCC 5.4.0 20160609]
Set PythonHome to /home/zhuzekun/repo/blog/blog_env/
*** Python threads support is disabled. You can enable it with --enable-threads ***
Python main interpreter initialized at 0x232e100
your server socket listen backlog is limited to 100 connections
your mercy for graceful operations on workers is 60 seconds
mapped 145536 bytes (142 KB) for 1 cores
*** Operational MODE: single process ***
WSGI app 0 (mountpoint='') ready in 1 seconds on interpreter 0x232e100 pid: 19740 (default app)
*** uWSGI is running in multiple interpreter mode ***
spawned uWSGI master process (pid: 19740)
spawned uWSGI worker 1 (pid: 19742, cores: 1)
Traceback (most recent call last):
  File "/home/zhuzekun/repo/blog/blog_env/lib/python3.5/site-packages/django/core/handlers/wsgi.py", line 159, in __call__
    request = self.request_class(environ)
  File "/home/zhuzekun/repo/blog/blog_env/lib/python3.5/site-packages/django/core/handlers/wsgi.py", line 99, in __init__
    self.method = environ['REQUEST_METHOD'].upper()
KeyError: 'REQUEST_METHOD'
[pid: 19742|app: 0|req: 1/1] 127.0.0.1 () {8 vars in 96 bytes} [Sat Apr  1 04:09:45 2017]   => generated 0 bytes in 9565 msecs ( 500) 0 headers in 0 bytes (32 switches on core 0)
Sat Apr  1 04:24:03 2017 - uWSGI worker 1 screams: UAAAAAAH my master disconnected: i will kill myself !!!
*** Starting uWSGI 2.0.15 (64bit) on [Fri Apr  7 08:28:05 2017] ***
compiled with version: 5.4.0 20160609 on 01 April 2017 11:50:11
os: Linux-4.4.0-63-generic #84-Ubuntu SMP Wed Feb 1 17:20:32 UTC 2017
nodename: iZm5ecvgopqkod7b7be3n0Z
machine: x86_64
clock source: unix
pcre jit disabled
detected number of CPU cores: 1
current working directory: /home/zhuzekun/repo/blog/blog
detected binary path: /home/zhuzekun/repo/blog/blog_env/bin/uwsgi
chdir() to /home/zhuzekun/repo/blog/blog
your processes number limit is 7859
your memory page size is 4096 bytes
detected max file descriptor number: 65535
lock engine: pthread robust mutexes
thunder lock: disabled (you can enable it with --thunder-lock)
uwsgi socket 0 bound to TCP address :9090 fd 3
Python version: 3.5.2 (default, Nov 17 2016, 17:05:23)  [GCC 5.4.0 20160609]
Set PythonHome to /home/zhuzekun/repo/blog/blog_env/
*** Python threads support is disabled. You can enable it with --enable-threads ***
Python main interpreter initialized at 0xfc9240
your server socket listen backlog is limited to 100 connections
your mercy for graceful operations on workers is 60 seconds
mapped 145536 bytes (142 KB) for 1 cores
*** Operational MODE: single process ***
WSGI app 0 (mountpoint='') ready in 0 seconds on interpreter 0xfc9240 pid: 6306 (default app)
*** uWSGI is running in multiple interpreter mode ***
spawned uWSGI master process (pid: 6306)
spawned uWSGI worker 1 (pid: 6308, cores: 1)
invalid request block size: 21573 (max 4096)...skip
invalid request block size: 21573 (max 4096)...skip
invalid request block size: 21573 (max 4096)...skip
invalid request block size: 21573 (max 4096)...skip
invalid request block size: 21573 (max 4096)...skip
invalid request block size: 65524 (max 4096)...skip
Fri Apr  7 08:29:45 2017 - uWSGI worker 1 screams: UAAAAAAH my master disconnected: i will kill myself !!!
